
Circuit 1 cell sky130_fd_pr__pfet_g5v0d10v5 and Circuit 2 cell sky130_fd_pr__pfet_g5v0d10v5 are black boxes.
Warning: Equate pins:  cell sky130_fd_pr__pfet_g5v0d10v5 is a placeholder, treated as a black box.
Warning: Equate pins:  cell sky130_fd_pr__pfet_g5v0d10v5 is a placeholder, treated as a black box.

Subcircuit pins:
Circuit 1: sky130_fd_pr__pfet_g5v0d10v5    |Circuit 2: sky130_fd_pr__pfet_g5v0d10v5    
-------------------------------------------|-------------------------------------------
1                                          |1                                          
2                                          |2                                          
3                                          |3                                          
4                                          |4                                          
---------------------------------------------------------------------------------------
Cell pin lists are equivalent.
Device classes sky130_fd_pr__pfet_g5v0d10v5 and sky130_fd_pr__pfet_g5v0d10v5 are equivalent.

Circuit 1 cell sky130_fd_pr__nfet_g5v0d10v5 and Circuit 2 cell sky130_fd_pr__nfet_g5v0d10v5 are black boxes.
Warning: Equate pins:  cell sky130_fd_pr__nfet_g5v0d10v5 is a placeholder, treated as a black box.
Warning: Equate pins:  cell sky130_fd_pr__nfet_g5v0d10v5 is a placeholder, treated as a black box.

Subcircuit pins:
Circuit 1: sky130_fd_pr__nfet_g5v0d10v5    |Circuit 2: sky130_fd_pr__nfet_g5v0d10v5    
-------------------------------------------|-------------------------------------------
1                                          |1                                          
2                                          |2                                          
3                                          |3                                          
4                                          |4                                          
---------------------------------------------------------------------------------------
Cell pin lists are equivalent.
Device classes sky130_fd_pr__nfet_g5v0d10v5 and sky130_fd_pr__nfet_g5v0d10v5 are equivalent.

Circuit 1 cell sky130_fd_pr__diode_pw2nd_05v5 and Circuit 2 cell sky130_fd_pr__diode_pw2nd_05v5 are black boxes.
Warning: Equate pins:  cell sky130_fd_pr__diode_pw2nd_05v5 is a placeholder, treated as a black box.
Warning: Equate pins:  cell sky130_fd_pr__diode_pw2nd_05v5 is a placeholder, treated as a black box.

Subcircuit pins:
Circuit 1: sky130_fd_pr__diode_pw2nd_05v5  |Circuit 2: sky130_fd_pr__diode_pw2nd_05v5  
-------------------------------------------|-------------------------------------------
1                                          |1                                          
2                                          |2                                          
---------------------------------------------------------------------------------------
Cell pin lists are equivalent.
Device classes sky130_fd_pr__diode_pw2nd_05v5 and sky130_fd_pr__diode_pw2nd_05v5 are equivalent.

Circuit 1 cell sky130_fd_pr__nfet_01v8 and Circuit 2 cell sky130_fd_pr__nfet_01v8 are black boxes.
Warning: Equate pins:  cell sky130_fd_pr__nfet_01v8 is a placeholder, treated as a black box.
Warning: Equate pins:  cell sky130_fd_pr__nfet_01v8 is a placeholder, treated as a black box.

Subcircuit pins:
Circuit 1: sky130_fd_pr__nfet_01v8         |Circuit 2: sky130_fd_pr__nfet_01v8         
-------------------------------------------|-------------------------------------------
1                                          |1                                          
2                                          |2                                          
3                                          |3                                          
4                                          |4                                          
---------------------------------------------------------------------------------------
Cell pin lists are equivalent.
Device classes sky130_fd_pr__nfet_01v8 and sky130_fd_pr__nfet_01v8 are equivalent.

Circuit 1 cell sky130_fd_pr__pfet_01v8_hvt and Circuit 2 cell sky130_fd_pr__pfet_01v8_hvt are black boxes.
Warning: Equate pins:  cell sky130_fd_pr__pfet_01v8_hvt is a placeholder, treated as a black box.
Warning: Equate pins:  cell sky130_fd_pr__pfet_01v8_hvt is a placeholder, treated as a black box.

Subcircuit pins:
Circuit 1: sky130_fd_pr__pfet_01v8_hvt     |Circuit 2: sky130_fd_pr__pfet_01v8_hvt     
-------------------------------------------|-------------------------------------------
1                                          |1                                          
2                                          |2                                          
3                                          |3                                          
4                                          |4                                          
---------------------------------------------------------------------------------------
Cell pin lists are equivalent.
Device classes sky130_fd_pr__pfet_01v8_hvt and sky130_fd_pr__pfet_01v8_hvt are equivalent.

Class sky130_fd_sc_hvl__inv_2 (0):  Merged 2 parallel devices.
Class sky130_fd_sc_hvl__inv_2 (1):  Merged 2 parallel devices.
Subcircuit summary:
Circuit 1: sky130_fd_sc_hvl__inv_2         |Circuit 2: sky130_fd_sc_hvl__inv_2         
-------------------------------------------|-------------------------------------------
sky130_fd_pr__pfet_g5v0d10v5 (2->1)        |sky130_fd_pr__pfet_g5v0d10v5 (2->1)        
sky130_fd_pr__nfet_g5v0d10v5 (2->1)        |sky130_fd_pr__nfet_g5v0d10v5 (2->1)        
Number of devices: 2                       |Number of devices: 2                       
Number of nets: 6                          |Number of nets: 6                          
---------------------------------------------------------------------------------------
Netlists match uniquely.

Subcircuit pins:
Circuit 1: sky130_fd_sc_hvl__inv_2         |Circuit 2: sky130_fd_sc_hvl__inv_2         
-------------------------------------------|-------------------------------------------
A                                          |A                                          
Y                                          |Y                                          
VPWR                                       |VPWR                                       
VPB                                        |VPB                                        
VGND                                       |VGND                                       
VNB                                        |VNB                                        
---------------------------------------------------------------------------------------
Cell pin lists are equivalent.
Device classes sky130_fd_sc_hvl__inv_2 and sky130_fd_sc_hvl__inv_2 are equivalent.

Class sky130_fd_sc_hvl__lsbuflv2hv_1 (0):  Merged 8 parallel devices.
Class sky130_fd_sc_hvl__lsbuflv2hv_1 (1):  Merged 8 parallel devices.
Subcircuit summary:
Circuit 1: sky130_fd_sc_hvl__lsbuflv2hv_1  |Circuit 2: sky130_fd_sc_hvl__lsbuflv2hv_1  
-------------------------------------------|-------------------------------------------
sky130_fd_pr__nfet_g5v0d10v5 (12->4)       |sky130_fd_pr__nfet_g5v0d10v5 (12->4)       
sky130_fd_pr__pfet_g5v0d10v5 (4)           |sky130_fd_pr__pfet_g5v0d10v5 (4)           
sky130_fd_pr__nfet_01v8 (2)                |sky130_fd_pr__nfet_01v8 (2)                
sky130_fd_pr__pfet_01v8_hvt (2)            |sky130_fd_pr__pfet_01v8_hvt (2)            
Number of devices: 12                      |Number of devices: 12                      
Number of nets: 12                         |Number of nets: 12                         
---------------------------------------------------------------------------------------
Netlists match uniquely.

Subcircuit pins:
Circuit 1: sky130_fd_sc_hvl__lsbuflv2hv_1  |Circuit 2: sky130_fd_sc_hvl__lsbuflv2hv_1  
-------------------------------------------|-------------------------------------------
VPWR                                       |VPWR                                       
VPB                                        |VPB                                        
LVPWR                                      |LVPWR                                      
X                                          |X                                          
A                                          |A                                          
VGND                                       |VGND                                       
VNB                                        |VNB                                        
---------------------------------------------------------------------------------------
Cell pin lists are equivalent.
Device classes sky130_fd_sc_hvl__lsbuflv2hv_1 and sky130_fd_sc_hvl__lsbuflv2hv_1 are equivalent.
Flattening unmatched subcell sky130_fd_pr__pfet_g5v0d10v5_U6V9Y6 in circuit isolated_switch (0)(2 instances)
Flattening unmatched subcell sky130_fd_pr__nfet_g5v0d10v5_HRGQF2 in circuit isolated_switch (0)(2 instances)
Flattening unmatched subcell sky130_fd_pr__pfet_g5v0d10v5_U62SY6 in circuit isolated_switch (0)(2 instances)
Flattening unmatched subcell sky130_fd_pr__nfet_g5v0d10v5_MJGQJ4 in circuit isolated_switch (0)(4 instances)
Flattening unmatched subcell sky130_fd_pr__pfet_g5v0d10v5_U6Z9Y6 in circuit isolated_switch (0)(4 instances)
Flattening unmatched subcell sky130_fd_pr__nfet_g5v0d10v5_UNEQ3N in circuit isolated_switch (0)(1 instance)
Flattening unmatched subcell sky130_fd_pr__nfet_g5v0d10v5_WSEQJ8 in circuit isolated_switch (0)(2 instances)
Flattening unmatched subcell sky130_fd_pr__diode_pw2nd_05v5_FT76RK in circuit isolated_switch (0)(1 instance)

Class isolated_switch (0):  Merged 8 parallel devices.
Class isolated_switch (1):  Merged 2 parallel devices.
Subcircuit summary:
Circuit 1: isolated_switch                 |Circuit 2: isolated_switch                 
-------------------------------------------|-------------------------------------------
sky130_fd_pr__pfet_g5v0d10v5 (12->7)       |sky130_fd_pr__pfet_g5v0d10v5 (8->7)        
sky130_fd_pr__nfet_g5v0d10v5 (11->8)       |sky130_fd_pr__nfet_g5v0d10v5 (9->8)        
sky130_fd_pr__diode_pw2nd_05v5 (1)         |sky130_fd_pr__diode_pw2nd_05v5 (1)         
Number of devices: 16                      |Number of devices: 16                      
Number of nets: 8                          |Number of nets: 8                          
---------------------------------------------------------------------------------------
Resolving symmetries by property value.
Resolving symmetries by pin name.
Netlists match uniquely.

Subcircuit pins:
Circuit 1: isolated_switch                 |Circuit 2: isolated_switch                 
-------------------------------------------|-------------------------------------------
on                                         |on                                         
vss                                        |vss                                        
in                                         |in                                         
out                                        |out                                        
vdd                                        |vdd                                        
---------------------------------------------------------------------------------------
Cell pin lists are equivalent.
Device classes isolated_switch and isolated_switch are equivalent.

Subcircuit summary:
Circuit 1: analog_mux_sel1v8               |Circuit 2: analog_mux_sel1v8               
-------------------------------------------|-------------------------------------------
sky130_fd_sc_hvl__inv_2 (1)                |sky130_fd_sc_hvl__inv_2 (1)                
sky130_fd_sc_hvl__lsbuflv2hv_1 (1)         |sky130_fd_sc_hvl__lsbuflv2hv_1 (1)         
isolated_switch (2)                        |isolated_switch (2)                        
Number of devices: 4                       |Number of devices: 4                       
Number of nets: 10                         |Number of nets: 10                         
---------------------------------------------------------------------------------------
Netlists match uniquely.

Subcircuit pins:
Circuit 1: analog_mux_sel1v8               |Circuit 2: analog_mux_sel1v8               
-------------------------------------------|-------------------------------------------
inA                                        |inA                                        
selA                                       |selA                                       
dvdd                                       |dvdd                                       
inB                                        |inB                                        
avss                                       |avss                                       
out                                        |out                                        
avdd                                       |avdd                                       
dvss                                       |dvss                                       
---------------------------------------------------------------------------------------
Cell pin lists are equivalent.
Device classes analog_mux_sel1v8 and analog_mux_sel1v8 are equivalent.

Final result: Circuits match uniquely.
.
